<?xml version="1.0" encoding="UTF-8"?>
<!-- Generated by org.testng.reporters.JUnitReportReporter -->
<testsuite hostname="BDTUDV31328" name="TestNGPackage.TestNGFirstClass" tests="3" failures="0" timestamp="20 Jan 2016 11:19:21 GMT" time="0.005" errors="0">
  <testcase name="WOActivation" time="0.000" classname="TestNGPackage.TestNGFirstClass"/>
  <testcase name="WOCreation" time="0.001" classname="TestNGPackage.TestNGFirstClass"/>
  <testcase name="CreateCustomer" time="0.004" classname="TestNGPackage.TestNGFirstClass"/>
</testsuite> <!-- TestNGPackage.TestNGFirstClass -->
