<?xml version="1.0" encoding="UTF-8"?>
<!-- Generated by org.testng.reporters.JUnitReportReporter -->
<testsuite hostname="BDTUDV31328" name="TestNGFirst.NewTest" tests="3" failures="0" timestamp="20 Jan 2016 11:19:21 GMT" time="0.008" errors="0">
  <testcase name="Recharge" time="0.005" classname="TestNGFirst.NewTest"/>
  <testcase name="Message" time="0.001" classname="TestNGFirst.NewTest"/>
  <testcase name="Balance" time="0.002" classname="TestNGFirst.NewTest"/>
</testsuite> <!-- TestNGFirst.NewTest -->
